# JRE version: Java(TM) SE Runtime Environment (14.0.1+7) (build 14.0.1+7)
# Java VM: Java HotSpot(TM) 64-Bit Server VM (14.0.1+7, mixed mode, sharing, tiered, compressed oops, g1 gc, windows-amd64)
Heap:
 garbage-first heap   total 49152K, used 16737K [0x0000000604800000, 0x0000000800000000)
  region size 2048K, 4 young (8192K), 1 survivors (2048K)
 Metaspace       used 26721K, capacity 27457K, committed 27520K, reserved 1073152K
  class space    used 3163K, capacity 3433K, committed 3456K, reserved 1048576K
GC Heap History (14 events):
Event: 0.927 GC heap before
{Heap before GC invocations=0 (full 0):
 garbage-first heap   total 520192K, used 22528K [0x0000000604800000, 0x0000000800000000)
  region size 2048K, 12 young (24576K), 0 survivors (0K)
 Metaspace       used 10074K, capacity 10332K, committed 10496K, reserved 1058816K
  class space    used 1144K, capacity 1229K, committed 1280K, reserved 1048576K
}
Event: 0.932 GC heap after
{Heap after GC invocations=1 (full 0):
 garbage-first heap   total 520192K, used 7114K [0x0000000604800000, 0x0000000800000000)
  region size 2048K, 2 young (4096K), 2 survivors (4096K)
 Metaspace       used 10074K, capacity 10332K, committed 10496K, reserved 1058816K
  class space    used 1144K, capacity 1229K, committed 1280K, reserved 1048576K
}
Event: 1.200 GC heap before
{Heap before GC invocations=1 (full 0):
 garbage-first heap   total 520192K, used 31690K [0x0000000604800000, 0x0000000800000000)
  region size 2048K, 14 young (28672K), 2 survivors (4096K)
 Metaspace       used 15075K, capacity 15334K, committed 15360K, reserved 1062912K
  class space    used 1688K, capacity 1767K, committed 1792K, reserved 1048576K
}
Event: 1.203 GC heap after
{Heap after GC invocations=2 (full 0):
 garbage-first heap   total 520192K, used 8567K [0x0000000604800000, 0x0000000800000000)
  region size 2048K, 1 young (2048K), 1 survivors (2048K)
 Metaspace       used 15075K, capacity 15334K, committed 15360K, reserved 1062912K
  class space    used 1688K, capacity 1767K, committed 1792K, reserved 1048576K
}
Event: 1.666 GC heap before
{Heap before GC invocations=2 (full 0):
 garbage-first heap   total 520192K, used 39287K [0x0000000604800000, 0x0000000800000000)
  region size 2048K, 17 young (34816K), 1 survivors (2048K)
 Metaspace       used 20832K, capacity 21172K, committed 21248K, reserved 1069056K
  class space    used 2395K, capacity 2519K, committed 2560K, reserved 1048576K
}
Event: 1.668 GC heap after
{Heap after GC invocations=3 (full 0):
 garbage-first heap   total 520192K, used 10802K [0x0000000604800000, 0x0000000800000000)
  region size 2048K, 2 young (4096K), 2 survivors (4096K)
 Metaspace       used 20832K, capacity 21172K, committed 21248K, reserved 1069056K
  class space    used 2395K, capacity 2519K, committed 2560K, reserved 1048576K
}
Event: 5.938 GC heap before
{Heap before GC invocations=4 (full 0):
 garbage-first heap   total 49152K, used 35378K [0x0000000604800000, 0x0000000800000000)
  region size 2048K, 14 young (28672K), 2 survivors (4096K)
 Metaspace       used 25569K, capacity 26331K, committed 26496K, reserved 1073152K
  class space    used 3078K, capacity 3345K, committed 3456K, reserved 1048576K
}
Event: 5.942 GC heap after
{Heap after GC invocations=5 (full 0):
 garbage-first heap   total 49152K, used 12311K [0x0000000604800000, 0x0000000800000000)
  region size 2048K, 1 young (2048K), 1 survivors (2048K)
 Metaspace       used 25569K, capacity 26331K, committed 26496K, reserved 1073152K
  class space    used 3078K, capacity 3345K, committed 3456K, reserved 1048576K
}
Event: 51.989 GC heap before
{Heap before GC invocations=5 (full 0):
 garbage-first heap   total 49152K, used 28695K [0x0000000604800000, 0x0000000800000000)
  region size 2048K, 10 young (20480K), 1 survivors (2048K)
 Metaspace       used 25888K, capacity 26622K, committed 26752K, reserved 1073152K
  class space    used 3102K, capacity 3354K, committed 3456K, reserved 1048576K
}
Event: 51.991 GC heap after
{Heap after GC invocations=6 (full 0):
 garbage-first heap   total 49152K, used 12322K [0x0000000604800000, 0x0000000800000000)
  region size 2048K, 1 young (2048K), 1 survivors (2048K)
 Metaspace       used 25888K, capacity 26622K, committed 26752K, reserved 1073152K
  class space    used 3102K, capacity 3354K, committed 3456K, reserved 1048576K
}
Event: 94.704 GC heap before
{Heap before GC invocations=6 (full 0):
 garbage-first heap   total 49152K, used 30754K [0x0000000604800000, 0x0000000800000000)
  region size 2048K, 11 young (22528K), 1 survivors (2048K)
 Metaspace       used 26108K, capacity 26802K, committed 27008K, reserved 1073152K
  class space    used 3121K, capacity 3392K, committed 3456K, reserved 1048576K
}
Event: 94.706 GC heap after
{Heap after GC invocations=7 (full 0):
 garbage-first heap   total 49152K, used 12433K [0x0000000604800000, 0x0000000800000000)
  region size 2048K, 1 young (2048K), 1 survivors (2048K)
 Metaspace       used 26108K, capacity 26802K, committed 27008K, reserved 1073152K
  class space    used 3121K, capacity 3392K, committed 3456K, reserved 1048576K
}
Event: 119.096 GC heap before
{Heap before GC invocations=7 (full 0):
 garbage-first heap   total 49152K, used 30865K [0x0000000604800000, 0x0000000800000000)
  region size 2048K, 11 young (22528K), 1 survivors (2048K)
 Metaspace       used 26485K, capacity 27263K, committed 27520K, reserved 1073152K
  class space    used 3158K, capacity 3433K, committed 3456K, reserved 1048576K
}
Event: 119.099 GC heap after
{Heap after GC invocations=8 (full 0):
 garbage-first heap   total 49152K, used 12641K [0x0000000604800000, 0x0000000800000000)
  region size 2048K, 1 young (2048K), 1 survivors (2048K)
 Metaspace       used 26485K, capacity 27263K, committed 27520K, reserved 1073152K
  class space    used 3158K, capacity 3433K, committed 3456K, reserved 1048576K
}

